<?xml version="1.0" encoding="UTF-8"?>
<testng-results ignored="0" total="1" passed="1" failed="0" skipped="0">
  <reporter-output>
  </reporter-output>
  <suite started-at="2025-08-30T20:27:34 IST" name="ECommerceCartAutomationSuite" finished-at="2025-08-30T20:27:56 IST" duration-ms="22647">
    <groups>
    </groups>
    <test started-at="2025-08-30T20:27:34 IST" name="EcommerceTests" finished-at="2025-08-30T20:27:56 IST" duration-ms="22647">
      <class name="com.ab.cart.tests.CheckoutTest">
        <test-method is-config="true" signature="setUp()[pri:0, instance:com.ab.cart.tests.CheckoutTest@9816741]" started-at="2025-08-30T20:27:34 IST" name="setUp" finished-at="2025-08-30T20:27:40 IST" duration-ms="6336" status="PASS">
          <reporter-output>
          </reporter-output>
        </test-method> <!-- setUp -->
        <test-method signature="CheckoutActions()[pri:0, instance:com.ab.cart.tests.CheckoutTest@9816741]" started-at="2025-08-30T20:27:40 IST" name="CheckoutActions" finished-at="2025-08-30T20:27:56 IST" duration-ms="15701" status="PASS">
          <reporter-output>
          </reporter-output>
        </test-method> <!-- CheckoutActions -->
        <test-method is-config="true" signature="tearDown()[pri:0, instance:com.ab.cart.tests.CheckoutTest@9816741]" started-at="2025-08-30T20:27:56 IST" name="tearDown" finished-at="2025-08-30T20:27:56 IST" duration-ms="364" status="PASS">
          <reporter-output>
          </reporter-output>
        </test-method> <!-- tearDown -->
      </class> <!-- com.ab.cart.tests.CheckoutTest -->
    </test> <!-- EcommerceTests -->
  </suite> <!-- ECommerceCartAutomationSuite -->
</testng-results>
